2024-07-30 14:41:43,915 INFO Set uid to user 0 succeeded
2024-07-30 14:41:43,920 INFO supervisord started with pid 32
2024-07-30 14:41:44,929 INFO spawned: 'mgcore' with pid 33
2024-07-30 14:41:44,935 INFO spawned: 'mgweb' with pid 34
2024-07-30 14:41:44,941 INFO spawned: 'redis' with pid 35
2024-07-30 14:41:46,055 INFO success: mgcore entered RUNNING state, process has stayed up for > than 1 seconds (startsecs)
2024-07-30 14:41:46,056 INFO success: mgweb entered RUNNING state, process has stayed up for > than 1 seconds (startsecs)
2024-07-30 14:41:46,057 INFO success: redis entered RUNNING state, process has stayed up for > than 1 seconds (startsecs)
2024-08-01 10:04:56,658 INFO Set uid to user 0 succeeded
2024-08-01 10:04:56,664 INFO supervisord started with pid 26
2024-08-01 10:04:57,669 INFO spawned: 'mgcore' with pid 27
2024-08-01 10:04:57,675 INFO spawned: 'mgweb' with pid 28
2024-08-01 10:04:57,678 INFO spawned: 'redis' with pid 29
2024-08-01 10:04:58,739 INFO success: mgcore entered RUNNING state, process has stayed up for > than 1 seconds (startsecs)
2024-08-01 10:04:58,740 INFO success: mgweb entered RUNNING state, process has stayed up for > than 1 seconds (startsecs)
2024-08-01 10:04:58,740 INFO success: redis entered RUNNING state, process has stayed up for > than 1 seconds (startsecs)
2024-08-01 10:08:41,943 INFO Set uid to user 0 succeeded
2024-08-01 10:08:41,947 INFO supervisord started with pid 26
2024-08-01 10:08:42,951 INFO spawned: 'mgcore' with pid 27
2024-08-01 10:08:42,957 INFO spawned: 'mgweb' with pid 28
2024-08-01 10:08:42,962 INFO spawned: 'redis' with pid 29
2024-08-01 10:08:43,975 INFO success: mgcore entered RUNNING state, process has stayed up for > than 1 seconds (startsecs)
2024-08-01 10:08:43,976 INFO success: mgweb entered RUNNING state, process has stayed up for > than 1 seconds (startsecs)
2024-08-01 10:08:43,976 INFO success: redis entered RUNNING state, process has stayed up for > than 1 seconds (startsecs)
2024-08-01 10:09:13,422 WARN received SIGINT indicating exit request
2024-08-01 10:09:13,426 INFO waiting for mgcore, mgweb, redis to die
2024-08-01 10:09:13,491 INFO stopped: redis (exit status 0)
2024-08-01 10:09:13,655 INFO stopped: mgweb (exit status 0)
2024-08-01 10:09:13,656 WARN received SIGINT indicating exit request
2024-08-01 10:09:13,942 INFO stopped: mgcore (exit status 1)
2024-08-01 10:12:44,638 INFO Set uid to user 0 succeeded
2024-08-01 10:12:44,648 INFO supervisord started with pid 24
2024-08-01 10:12:45,654 INFO spawned: 'mgcore' with pid 25
2024-08-01 10:12:45,661 INFO spawned: 'mgweb' with pid 26
2024-08-01 10:12:45,670 INFO spawned: 'redis' with pid 27
2024-08-01 10:12:46,789 INFO success: mgcore entered RUNNING state, process has stayed up for > than 1 seconds (startsecs)
2024-08-01 10:12:46,791 INFO success: mgweb entered RUNNING state, process has stayed up for > than 1 seconds (startsecs)
2024-08-01 10:12:46,791 INFO success: redis entered RUNNING state, process has stayed up for > than 1 seconds (startsecs)
2024-08-01 10:14:35,432 WARN received SIGINT indicating exit request
2024-08-01 10:14:35,436 INFO waiting for mgcore, mgweb, redis to die
2024-08-01 10:14:35,449 INFO stopped: redis (exit status 0)
2024-08-01 10:14:35,635 INFO stopped: mgweb (exit status 0)
2024-08-01 10:14:35,954 INFO stopped: mgcore (exit status 1)
2024-08-01 10:16:50,170 INFO Set uid to user 0 succeeded
2024-08-01 10:16:50,174 INFO supervisord started with pid 17
2024-08-01 10:16:51,180 INFO spawned: 'mgcore' with pid 18
2024-08-01 10:16:51,191 INFO spawned: 'mgweb' with pid 19
2024-08-01 10:16:51,200 INFO spawned: 'redis' with pid 20
2024-08-01 10:16:52,205 INFO success: mgcore entered RUNNING state, process has stayed up for > than 1 seconds (startsecs)
2024-08-01 10:16:52,205 INFO success: mgweb entered RUNNING state, process has stayed up for > than 1 seconds (startsecs)
2024-08-01 10:16:52,206 INFO success: redis entered RUNNING state, process has stayed up for > than 1 seconds (startsecs)
2024-08-01 15:00:04,054 INFO Set uid to user 0 succeeded
2024-08-01 15:00:04,059 INFO supervisord started with pid 17
2024-08-01 15:00:05,062 INFO spawned: 'mgcore' with pid 18
2024-08-01 15:00:05,065 INFO spawned: 'mgweb' with pid 19
2024-08-01 15:00:05,070 INFO spawned: 'redis' with pid 20
2024-08-01 15:00:06,199 INFO success: mgcore entered RUNNING state, process has stayed up for > than 1 seconds (startsecs)
2024-08-01 15:00:06,201 INFO success: mgweb entered RUNNING state, process has stayed up for > than 1 seconds (startsecs)
2024-08-01 15:00:06,201 INFO success: redis entered RUNNING state, process has stayed up for > than 1 seconds (startsecs)
2024-08-02 08:49:34,234 INFO Set uid to user 0 succeeded
2024-08-02 08:49:34,240 INFO supervisord started with pid 17
2024-08-02 08:49:35,242 INFO spawned: 'mgcore' with pid 18
2024-08-02 08:49:35,245 INFO spawned: 'mgweb' with pid 19
2024-08-02 08:49:35,247 INFO spawned: 'redis' with pid 20
2024-08-02 08:49:36,341 INFO success: mgcore entered RUNNING state, process has stayed up for > than 1 seconds (startsecs)
2024-08-02 08:49:36,342 INFO success: mgweb entered RUNNING state, process has stayed up for > than 1 seconds (startsecs)
2024-08-02 08:49:36,342 INFO success: redis entered RUNNING state, process has stayed up for > than 1 seconds (startsecs)
2024-08-02 11:16:47,102 INFO Set uid to user 0 succeeded
2024-08-02 11:16:47,108 INFO supervisord started with pid 16
2024-08-02 11:16:48,113 INFO spawned: 'mgcore' with pid 17
2024-08-02 11:16:48,117 INFO spawned: 'mgweb' with pid 18
2024-08-02 11:16:48,120 INFO spawned: 'redis' with pid 19
2024-08-02 11:16:49,315 INFO success: mgcore entered RUNNING state, process has stayed up for > than 1 seconds (startsecs)
2024-08-02 11:16:49,316 INFO success: mgweb entered RUNNING state, process has stayed up for > than 1 seconds (startsecs)
2024-08-02 11:16:49,316 INFO success: redis entered RUNNING state, process has stayed up for > than 1 seconds (startsecs)
2024-08-02 15:37:08,246 INFO Set uid to user 0 succeeded
2024-08-02 15:37:08,251 INFO supervisord started with pid 17
2024-08-02 15:37:09,254 INFO spawned: 'mgcore' with pid 18
2024-08-02 15:37:09,257 INFO spawned: 'mgweb' with pid 19
2024-08-02 15:37:09,260 INFO spawned: 'redis' with pid 20
2024-08-02 15:37:10,472 INFO success: mgcore entered RUNNING state, process has stayed up for > than 1 seconds (startsecs)
2024-08-02 15:37:10,473 INFO success: mgweb entered RUNNING state, process has stayed up for > than 1 seconds (startsecs)
2024-08-02 15:37:10,473 INFO success: redis entered RUNNING state, process has stayed up for > than 1 seconds (startsecs)
2024-08-05 06:22:13,406 INFO Set uid to user 0 succeeded
2024-08-05 06:22:13,412 INFO supervisord started with pid 17
2024-08-05 06:22:14,419 INFO spawned: 'mgcore' with pid 18
2024-08-05 06:22:14,422 INFO spawned: 'mgweb' with pid 19
2024-08-05 06:22:14,425 INFO spawned: 'redis' with pid 20
2024-08-05 06:22:15,723 INFO success: mgcore entered RUNNING state, process has stayed up for > than 1 seconds (startsecs)
2024-08-05 06:22:15,724 INFO success: mgweb entered RUNNING state, process has stayed up for > than 1 seconds (startsecs)
2024-08-05 06:22:15,725 INFO success: redis entered RUNNING state, process has stayed up for > than 1 seconds (startsecs)
2024-08-05 06:32:34,782 INFO Set uid to user 0 succeeded
2024-08-05 06:32:34,786 INFO supervisord started with pid 17
2024-08-05 06:32:35,792 INFO spawned: 'mgcore' with pid 18
2024-08-05 06:32:35,799 INFO spawned: 'mgweb' with pid 19
2024-08-05 06:32:35,801 INFO spawned: 'redis' with pid 20
2024-08-05 06:32:36,874 INFO success: mgcore entered RUNNING state, process has stayed up for > than 1 seconds (startsecs)
2024-08-05 06:32:36,875 INFO success: mgweb entered RUNNING state, process has stayed up for > than 1 seconds (startsecs)
2024-08-05 06:32:36,875 INFO success: redis entered RUNNING state, process has stayed up for > than 1 seconds (startsecs)
